<?xml version="1.0" encoding="UTF-8"?>
<!-- Generated by org.testng.reporters.JUnitReportReporter -->
<testsuite hostname="LAPTOP-MBBARNLI" failures="0" tests="5" name="com.yatra.qa.tests.HomePageTest" time="36.287" errors="0" timestamp="2022-03-09T22:32:28 IST" skipped="0">
  <testcase classname="com.yatra.qa.tests.HomePageTest" name="homePageTest" time="3.837"/>
  <system-out/>
  <testcase classname="com.yatra.qa.tests.HomePageTest" name="flightSearchTest" time="10.077"/>
  <system-out/>
  <testcase classname="com.yatra.qa.tests.HomePageTest" name="navigationTest" time="4.170"/>
  <system-out/>
  <testcase classname="com.yatra.qa.tests.HomePageTest" name="loginTest" time="7.167"/>
  <system-out/>
  <testcase classname="com.yatra.qa.tests.HomePageTest" name="myBookingTest" time="11.036"/>
  <system-out/>
</testsuite> <!-- com.yatra.qa.tests.HomePageTest -->
